d:\engle\terrain\terrain\terrain\x64\debug\vc141.pdb
d:\engle\terrain\terrain\terrain\x64\debug\vc141.idb
d:\engle\terrain\terrain\terrain\x64\debug\zoneclass.obj
d:\engle\terrain\terrain\terrain\x64\debug\useinterfaceclass.obj
d:\engle\terrain\terrain\terrain\x64\debug\timerclass.obj
d:\engle\terrain\terrain\terrain\x64\debug\textureclass.obj
d:\engle\terrain\terrain\terrain\x64\debug\textclass.obj
d:\engle\terrain\terrain\terrain\x64\debug\terrainclass.obj
d:\engle\terrain\terrain\terrain\x64\debug\systemclass.obj
d:\engle\terrain\terrain\terrain\x64\debug\shadermanagerclass.obj
d:\engle\terrain\terrain\terrain\x64\debug\main.obj
d:\engle\terrain\terrain\terrain\x64\debug\inputclass.obj
d:\engle\terrain\terrain\terrain\x64\debug\fpsclass.obj
d:\engle\terrain\terrain\terrain\x64\debug\fontshaderclass.obj
d:\engle\terrain\terrain\terrain\x64\debug\fontclass.obj
d:\engle\terrain\terrain\terrain\x64\debug\d3dclass.obj
d:\engle\terrain\terrain\terrain\x64\debug\colorshaderclass.obj
d:\engle\terrain\terrain\terrain\x64\debug\cameraclass.obj
d:\engle\terrain\terrain\terrain\x64\debug\applicationclass.obj
d:\engle\terrain\terrain\terrain\x64\debug\cubeclass.obj
d:\engle\terrain\terrain\terrain\x64\debug\lookuptable.obj
d:\engle\terrain\terrain\terrain\x64\debug\fastnoise.obj
d:\engle\terrain\terrain\terrain\x64\debug\positionclass.obj
d:\engle\terrain\terrain\terrain\x64\debug\worldclass.obj
d:\engle\terrain\terrain\x64\debug\marchingcubepixelshader.cso
d:\engle\terrain\terrain\x64\debug\marchingcubevertexshader.cso
d:\engle\terrain\terrain\x64\debug\marchingcubegeometryshader.cso
d:\engle\terrain\terrain\x64\debug\terrain.pdb
d:\engle\terrain\terrain\x64\debug\terrain.exe
d:\engle\terrain\terrain\x64\debug\terrain.ilk
d:\engle\terrain\terrain\terrain\x64\debug\terrain.tlog\cl.command.1.tlog
d:\engle\terrain\terrain\terrain\x64\debug\terrain.tlog\cl.read.1.tlog
d:\engle\terrain\terrain\terrain\x64\debug\terrain.tlog\cl.write.1.tlog
d:\engle\terrain\terrain\terrain\x64\debug\terrain.tlog\fxc.command.1.tlog
d:\engle\terrain\terrain\terrain\x64\debug\terrain.tlog\fxc.read.1.tlog
d:\engle\terrain\terrain\terrain\x64\debug\terrain.tlog\fxc.write.1.tlog
d:\engle\terrain\terrain\terrain\x64\debug\terrain.tlog\link.command.1.tlog
d:\engle\terrain\terrain\terrain\x64\debug\terrain.tlog\link.read.1.tlog
d:\engle\terrain\terrain\terrain\x64\debug\terrain.tlog\link.write.1.tlog
